O O O B-Subject I-Subject I-Subject I-Subject
B-Subject I-Subject I-Subject I-Subject O O O O O O
B-Subject I-Subject I-Subject I-Subject O O O O O
B-Subject I-Subject I-Subject I-Subject O O O O O O O
B-Detail I-Detail I-Detail I-Detail I-Detail I-Detail I-Detail O O O
B-Detail I-Detail I-Detail I-Detail I-Detail I-Detail I-Detail O B-Evaluation I-Evaluation O O O
B-Detail I-Detail I-Detail I-Detail I-Detail I-Detail I-Detail O B-Evaluation I-Evaluation O O O
B-Detail I-Detail I-Detail I-Detail I-Detail I-Detail I-Detail O O O O O O
B-Detail I-Detail I-Detail I-Detail I-Detail I-Detail I-Detail O B-Evaluation I-Evaluation O O O
B-Detail I-Detail I-Detail I-Detail I-Detail I-Detail O O O
O O O O O B-Detail I-Detail I-Detail I-Detail I-Detail I-Detail
B-Detail I-Detail I-Detail I-Detail I-Detail I-Detail O O O O O O O O
B-Detail I-Detail I-Detail I-Detail I-Detail I-Detail O B-Detail I-Detail I-Detail I-Detail I-Detail I-Detail I-Detail O O O O O O O O
B-Detail I-Detail I-Detail O O O
B-Detail I-Detail I-Detail O O O O O O O O B-Detail I-Detail I-Detail
O O O O B-Detail I-Detail I-Detail O B-Detail I-Detail I-Detail O O O
B-Detail I-Detail I-Detail O O O
B-Detail I-Detail I-Detail O O O O O O O O B-Detail I-Detail I-Detail
O O O O B-Detail I-Detail I-Detail O B-Detail I-Detail I-Detail O O O
B-Subject I-Subject I-Subject I-Subject O O O O O O O O
B-Subject I-Subject I-Subject I-Subject O O O O O O O O
B-Subject I-Subject I-Subject I-Subject O O O O O
B-Module I-Module O O O
B-Module I-Module O O O O O O
O O O O O O B-Module I-Module O O O
B-Module I-Module O O O O O
B-Module I-Module O O O O O O O
B-Module I-Module O O O O O O
B-Module I-Module O B-Module I-Module O O O B-Relationship I-Relationship
B-Module I-Module O O O B-Constitution I-Constitution I-Constitution I-Constitution O O O
B-Module I-Module O B-Detail I-Detail I-Detail I-Detail O O O
O O O O B-Module I-Module O O O O B-Detail I-Detail I-Detail I-Detail
B-Module I-Module O B-Detail I-Detail I-Detail I-Detail O O O
O O O O B-Module I-Module O O O O B-Detail I-Detail I-Detail I-Detail
B-Module I-Module O B-Detail I-Detail I-Detail I-Detail O O O
O O O O B-Module I-Module O O O O B-Detail I-Detail I-Detail I-Detail
O O O O O O B-Detail I-Detail I-Detail I-Detail O O O B-Detail I-Detail I-Detail I-Detail
B-Module I-Module O O O B-Detail I-Detail I-Detail I-Detail O O B-Detail I-Detail I-Detail I-Detail
B-Detail I-Detail I-Detail I-Detail O O O O O B-Detail I-Detail I-Detail I-Detail O
B-Module I-Module O O O B-Detail I-Detail I-Detail I-Detail O O B-Detail I-Detail I-Detail I-Detail
B-Detail I-Detail I-Detail I-Detail O O O O O B-Detail I-Detail I-Detail I-Detail O
B-Module I-Module O B-Detail I-Detail I-Detail I-Detail O O O
B-Module I-Module O B-Detail I-Detail I-Detail I-Detail O O O
B-Detail I-Detail I-Detail I-Detail O B-Module I-Module O O O O B-Detail I-Detail I-Detail I-Detail
O O B-Detail I-Detail I-Detail I-Detail O O O O O O
B-Detail I-Detail I-Detail I-Detail I-Detail O O O O O O
B-Detail I-Detail I-Detail I-Detail I-Detail O O O O O O
B-Detail I-Detail I-Detail I-Detail I-Detail O O O O O O
B-Detail I-Detail I-Detail I-Detail I-Detail O O O O O O
B-Detail I-Detail I-Detail I-Detail I-Detail O O O O O O O O O
B-Detail I-Detail O O O
B-Detail I-Detail I-Detail I-Detail O B-Detail I-Detail O O O O
O O O B-Detail I-Detail O O B-Detail I-Detail I-Detail I-Detail
O O B-Detail I-Detail I-Detail I-Detail O O O O O O
O O O O O O O O B-Detail I-Detail I-Detail I-Detail
O O B-Detail I-Detail I-Detail I-Detail O O O O O O
O O O O O O O B-Detail I-Detail I-Detail I-Detail
B-Content I-Content I-Content I-Content O O O O O O
B-Module I-Module O O O O O O
O O O B-Module I-Module
O O B-Module I-Module O O O O O O
B-Module I-Module O O O O O O
B-Module I-Module O B-Module I-Module O O O O O O
B-Content I-Content I-Content I-Content O O O O O O
B-Content I-Content I-Content I-Content O O O
B-Content I-Content I-Content I-Content O O O O O O
B-Content I-Content I-Content I-Content O O O
B-Detail I-Detail I-Detail O O O
B-Detail I-Detail I-Detail I-Detail O O O
B-Detail I-Detail I-Detail O O O O
O O B-Detail I-Detail I-Detail O O O O O O O O
B-Detail I-Detail I-Detail O O O O O O O O
B-Content I-Content I-Content I-Content O O O O O O O
O O O O O B-Detail I-Detail I-Detail I-Detail I-Detail I-Detail I-Detail I-Detail
O O O O O B-Detail I-Detail I-Detail I-Detail I-Detail I-Detail I-Detail
O O O O O B-Detail I-Detail I-Detail I-Detail I-Detail I-Detail
O O B-Content I-Content O O O O O O
B-Content I-Content I-Content I-Content O O O O O
B-Detail I-Detail I-Detail I-Detail O O O O O
B-Module I-Module I-Module I-Module I-Module I-Module O O O O O
B-Detail I-Detail I-Detail I-Detail O O O
B-Detail I-Detail I-Detail I-Detail O O O O O O
O O O O O B-Detail I-Detail I-Detail I-Detail
B-Detail I-Detail I-Detail I-Detail O O O
B-Detail I-Detail I-Detail I-Detail O O O O O O
O O O O O O O B-Detail I-Detail I-Detail I-Detail
O O B-Detail I-Detail I-Detail I-Detail O O O O O O
B-Detail I-Detail I-Detail I-Detail O O O O O O O O O
B-Detail I-Detail I-Detail I-Detail O O O
B-Detail I-Detail I-Detail I-Detail O O O O O O
O O O O O O O B-Detail I-Detail I-Detail I-Detail
O O B-Detail I-Detail I-Detail I-Detail O O O O O O
O O B-Detail I-Detail I-Detail I-Detail O O O O O O
O O O O O O B-Detail I-Detail I-Detail I-Detail O O O O
B-Content I-Content I-Content I-Content O O O O O O
B-Module I-Module I-Module I-Module O O O O O O O O O O
B-Content I-Content I-Content I-Content O O O O O O
O O O O B-Detail I-Detail I-Detail I-Detail
O O B-Detail I-Detail I-Detail I-Detail O O O O O
O O O B-Content I-Content I-Content I-Content I-Content I-Content O O O
B-Detail I-Detail I-Detail I-Detail I-Detail I-Detail I-Detail I-Detail I-Detail O B-Evaluation I-Evaluation I-Evaluation O O O
B-Detail I-Detail I-Detail I-Detail I-Detail I-Detail I-Detail I-Detail I-Detail O O O B-Evaluation I-Evaluation
B-Detail I-Detail I-Detail I-Detail I-Detail I-Detail I-Detail I-Detail I-Detail O O O B-Evaluation I-Evaluation
O O O O O B-Detail I-Detail I-Detail I-Detail I-Detail I-Detail I-Detail I-Detail I-Detail O B-Evaluation I-Evaluation I-Evaluation
B-Detail I-Detail I-Detail I-Detail I-Detail I-Detail I-Detail I-Detail I-Detail O B-Evaluation I-Evaluation O O O
B-Detail I-Detail I-Detail I-Detail I-Detail I-Detail I-Detail I-Detail I-Detail O B-Evaluation I-Evaluation O O O
B-Detail I-Detail I-Detail I-Detail I-Detail I-Detail I-Detail I-Detail I-Detail O O O O O O O O
B-Content I-Content I-Content I-Content I-Content I-Content O O O O O O O O O